2000.10.23 13:13 B D:\csis\1.htm <-- hkusub.hku.hk /homepage/student/98/ce/pywong/public_html 1.htm
2000.10.23 13:13 B D:\csis\1back.jpg <-- hkusub.hku.hk /homepage/student/98/ce/pywong/public_html 1back.jpg
2000.10.23 13:13 B D:\csis\act.htm <-- hkusub.hku.hk /homepage/student/98/ce/pywong/public_html act.htm
2000.10.23 13:13 B D:\csis\act1.htm <-- hkusub.hku.hk /homepage/student/98/ce/pywong/public_html act1.htm
2000.10.23 13:13 B D:\csis\agnesb.jpg <-- hkusub.hku.hk /homepage/student/98/ce/pywong/public_html agnesb.jpg
2000.10.23 13:13 B D:\csis\camp.txt <-- hkusub.hku.hk /homepage/student/98/ce/pywong/public_html camp.txt
2000.10.23 13:13 B D:\csis\camp0.jpg <-- hkusub.hku.hk /homepage/student/98/ce/pywong/public_html camp0.jpg
2000.10.23 13:13 B D:\csis\camp1.jpg <-- hkusub.hku.hk /homepage/student/98/ce/pywong/public_html camp1.jpg
2000.10.23 13:13 B D:\csis\camp2.jpg <-- hkusub.hku.hk /homepage/student/98/ce/pywong/public_html camp2.jpg
2000.10.23 13:13 B D:\csis\camp3.jpg <-- hkusub.hku.hk /homepage/student/98/ce/pywong/public_html camp3.jpg
2000.10.23 13:13 B D:\csis\camp4.jpg <-- hkusub.hku.hk /homepage/student/98/ce/pywong/public_html camp4.jpg
2000.10.23 13:13 B D:\csis\camp6.jpg <-- hkusub.hku.hk /homepage/student/98/ce/pywong/public_html camp6.jpg
2000.10.23 13:13 B D:\csis\camp7.jpg <-- hkusub.hku.hk /homepage/student/98/ce/pywong/public_html camp7.jpg
2000.10.23 13:13 B D:\csis\ce.jpg <-- hkusub.hku.hk /homepage/student/98/ce/pywong/public_html ce.jpg
2000.10.23 13:13 B D:\csis\ce1.jpg <-- hkusub.hku.hk /homepage/student/98/ce/pywong/public_html ce1.jpg
2000.10.23 13:13 B D:\csis\corn1.jpg <-- hkusub.hku.hk /homepage/student/98/ce/pywong/public_html corn1.jpg
2000.10.23 13:13 B D:\csis\enter.jpg <-- hkusub.hku.hk /homepage/student/98/ce/pywong/public_html enter.jpg
2000.10.23 13:13 B D:\csis\fight.jpg <-- hkusub.hku.hk /homepage/student/98/ce/pywong/public_html fight.jpg
2000.10.23 13:13 B D:\csis\fight1.jpg <-- hkusub.hku.hk /homepage/student/98/ce/pywong/public_html fight1.jpg
2000.10.23 13:13 B D:\csis\fileback.jpg <-- hkusub.hku.hk /homepage/student/98/ce/pywong/public_html fileback.jpg
2000.10.23 13:13 B D:\csis\game.htm <-- hkusub.hku.hk /homepage/student/98/ce/pywong/public_html game.htm
2000.10.23 13:13 B D:\csis\gametitle.jpg <-- hkusub.hku.hk /homepage/student/98/ce/pywong/public_html gametitle.jpg
2000.10.23 13:13 B D:\csis\guest.htm <-- hkusub.hku.hk /homepage/student/98/ce/pywong/public_html guest.htm
2000.10.23 13:13 B D:\csis\guestbut.gif <-- hkusub.hku.hk /homepage/student/98/ce/pywong/public_html guestbut.gif
2000.10.23 13:13 B D:\csis\happy1.jpg <-- hkusub.hku.hk /homepage/student/98/ce/pywong/public_html happy1.jpg
2000.10.23 13:13 B D:\csis\happy2.jpg <-- hkusub.hku.hk /homepage/student/98/ce/pywong/public_html happy2.jpg
2000.10.23 13:13 B D:\csis\henryng.jpg <-- hkusub.hku.hk /homepage/student/98/ce/pywong/public_html henryng.jpg
2000.10.23 13:13 B D:\csis\henryng1.jpg <-- hkusub.hku.hk /homepage/student/98/ce/pywong/public_html henryng1.jpg
2000.10.23 13:13 B D:\csis\icac0.jpg <-- hkusub.hku.hk /homepage/student/98/ce/pywong/public_html icac0.jpg
2000.10.23 13:13 B D:\csis\icac1.jpg <-- hkusub.hku.hk /homepage/student/98/ce/pywong/public_html icac1.jpg
2000.10.23 13:13 B D:\csis\icac1.txt <-- hkusub.hku.hk /homepage/student/98/ce/pywong/public_html icac1.txt
2000.10.23 13:13 B D:\csis\icac10.jpg <-- hkusub.hku.hk /homepage/student/98/ce/pywong/public_html icac10.jpg
2000.10.23 13:13 B D:\csis\icac11.jpg <-- hkusub.hku.hk /homepage/student/98/ce/pywong/public_html icac11.jpg
2000.10.23 13:13 B D:\csis\icac14.jpg <-- hkusub.hku.hk /homepage/student/98/ce/pywong/public_html icac14.jpg
2000.10.23 13:13 B D:\csis\icac15.jpg <-- hkusub.hku.hk /homepage/student/98/ce/pywong/public_html icac15.jpg
2000.10.23 13:13 B D:\csis\icac16.jpg <-- hkusub.hku.hk /homepage/student/98/ce/pywong/public_html icac16.jpg
2000.10.23 13:13 B D:\csis\icac17.jpg <-- hkusub.hku.hk /homepage/student/98/ce/pywong/public_html icac17.jpg
2000.10.23 13:13 B D:\csis\icac18.jpg <-- hkusub.hku.hk /homepage/student/98/ce/pywong/public_html icac18.jpg
2000.10.23 13:13 B D:\csis\icac19.jpg <-- hkusub.hku.hk /homepage/student/98/ce/pywong/public_html icac19.jpg
2000.10.23 13:13 B D:\csis\icac2.jpg <-- hkusub.hku.hk /homepage/student/98/ce/pywong/public_html icac2.jpg
2000.10.23 13:13 B D:\csis\icac2.txt <-- hkusub.hku.hk /homepage/student/98/ce/pywong/public_html icac2.txt
2000.10.23 13:13 B D:\csis\icac3.jpg <-- hkusub.hku.hk /homepage/student/98/ce/pywong/public_html icac3.jpg
2000.10.23 13:13 B D:\csis\icac4.jpg <-- hkusub.hku.hk /homepage/student/98/ce/pywong/public_html icac4.jpg
2000.10.23 13:13 B D:\csis\icac5.jpg <-- hkusub.hku.hk /homepage/student/98/ce/pywong/public_html icac5.jpg
2000.10.23 13:13 B D:\csis\icac6.jpg <-- hkusub.hku.hk /homepage/student/98/ce/pywong/public_html icac6.jpg
2000.10.23 13:13 B D:\csis\icac7.jpg <-- hkusub.hku.hk /homepage/student/98/ce/pywong/public_html icac7.jpg
2000.10.23 13:13 B D:\csis\icac8.jpg <-- hkusub.hku.hk /homepage/student/98/ce/pywong/public_html icac8.jpg
2000.10.23 13:13 B D:\csis\icac9.jpg <-- hkusub.hku.hk /homepage/student/98/ce/pywong/public_html icac9.jpg
2000.10.23 13:13 B D:\csis\index.htm <-- hkusub.hku.hk /homepage/student/98/ce/pywong/public_html index.htm
2000.10.23 13:13 B D:\csis\index0.htm <-- hkusub.hku.hk /homepage/student/98/ce/pywong/public_html index0.htm
2000.10.23 13:13 B D:\csis\index1.htm <-- hkusub.hku.hk /homepage/student/98/ce/pywong/public_html index1.htm
2000.10.23 13:13 B D:\csis\inzaghi1.jpg <-- hkusub.hku.hk /homepage/student/98/ce/pywong/public_html inzaghi1.jpg
2000.10.23 13:13 B D:\csis\links.htm <-- hkusub.hku.hk /homepage/student/98/ce/pywong/public_html links.htm
2000.10.23 13:13 B D:\csis\linux-tut.txt <-- hkusub.hku.hk /homepage/student/98/ce/pywong/public_html linux-tut.txt
2000.10.23 13:13 B D:\csis\lls1.jpg <-- hkusub.hku.hk /homepage/student/98/ce/pywong/public_html lls1.jpg
2000.10.23 13:13 B D:\csis\mainbldg1.jpg <-- hkusub.hku.hk /homepage/student/98/ce/pywong/public_html mainbldg1.jpg
2000.10.23 13:13 B D:\csis\mainbldg2.jpg <-- hkusub.hku.hk /homepage/student/98/ce/pywong/public_html mainbldg2.jpg
2000.10.23 13:13 B D:\csis\mainbldg3.jpg <-- hkusub.hku.hk /homepage/student/98/ce/pywong/public_html mainbldg3.jpg
2000.10.23 13:13 B D:\csis\oceanpark.jpg <-- hkusub.hku.hk /homepage/student/98/ce/pywong/public_html oceanpark.jpg
2000.10.23 13:13 B D:\csis\pastcase.txt <-- hkusub.hku.hk /homepage/student/98/ce/pywong/public_html pastcase.txt
2000.10.23 13:13 B D:\csis\pigpig.jpg <-- hkusub.hku.hk /homepage/student/98/ce/pywong/public_html pigpig.jpg
2000.10.23 13:13 B D:\csis\pippen.jpg <-- hkusub.hku.hk /homepage/student/98/ce/pywong/public_html pippen.jpg
2000.10.23 13:13 B D:\csis\present.txt <-- hkusub.hku.hk /homepage/student/98/ce/pywong/public_html present.txt
2000.10.23 13:13 B D:\csis\prey_back.bmp <-- hkusub.hku.hk /homepage/student/98/ce/pywong/public_html prey_back.bmp
2000.10.23 13:13 B D:\csis\prey_back.jpg <-- hkusub.hku.hk /homepage/student/98/ce/pywong/public_html prey_back.jpg
2000.10.23 13:13 B D:\csis\prey_bar.bmp <-- hkusub.hku.hk /homepage/student/98/ce/pywong/public_html prey_bar.bmp
2000.10.23 13:13 B D:\csis\prey_bar.gif <-- hkusub.hku.hk /homepage/student/98/ce/pywong/public_html prey_bar.gif
2000.10.23 13:13 B D:\csis\sample4.pdf <-- hkusub.hku.hk /homepage/student/98/ce/pywong/public_html sample4.pdf
2000.10.23 13:13 B D:\csis\share.htm <-- hkusub.hku.hk /homepage/student/98/ce/pywong/public_html share.htm
2000.10.23 13:13 B D:\csis\share0.htm <-- hkusub.hku.hk /homepage/student/98/ce/pywong/public_html share0.htm
2000.10.23 13:13 B D:\csis\train1.jpg <-- hkusub.hku.hk /homepage/student/98/ce/pywong/public_html train1.jpg
2000.10.23 13:13 B D:\csis\train2.jpg <-- hkusub.hku.hk /homepage/student/98/ce/pywong/public_html train2.jpg
2000.10.23 13:13 B D:\csis\train3.jpg <-- hkusub.hku.hk /homepage/student/98/ce/pywong/public_html train3.jpg
2000.10.23 13:13 B D:\csis\train4.jpg <-- hkusub.hku.hk /homepage/student/98/ce/pywong/public_html train4.jpg
2000.10.23 13:13 B D:\csis\umbre1.jpg <-- hkusub.hku.hk /homepage/student/98/ce/pywong/public_html umbre1.jpg
2000.10.23 13:13 B D:\csis\unbre2.jpg <-- hkusub.hku.hk /homepage/student/98/ce/pywong/public_html unbre2.jpg
2000.10.23 13:13 B D:\csis\ying1.jpg <-- hkusub.hku.hk /homepage/student/98/ce/pywong/public_html ying1.jpg
2000.10.23 13:13 B D:\csis\ying10.jpg <-- hkusub.hku.hk /homepage/student/98/ce/pywong/public_html ying10.jpg
2000.10.23 13:13 B D:\csis\ying2.jpg <-- hkusub.hku.hk /homepage/student/98/ce/pywong/public_html ying2.jpg
2000.10.23 13:13 B D:\csis\ying3.jpg <-- hkusub.hku.hk /homepage/student/98/ce/pywong/public_html ying3.jpg
2000.10.23 13:13 B D:\csis\ying4.jpg <-- hkusub.hku.hk /homepage/student/98/ce/pywong/public_html ying4.jpg
2000.10.23 13:13 B D:\csis\ying5.jpg <-- hkusub.hku.hk /homepage/student/98/ce/pywong/public_html ying5.jpg
2000.10.23 13:13 B D:\csis\ying6.jpg <-- hkusub.hku.hk /homepage/student/98/ce/pywong/public_html ying6.jpg
2000.10.23 13:13 B D:\csis\ying7.jpg <-- hkusub.hku.hk /homepage/student/98/ce/pywong/public_html ying7.jpg
2000.10.23 13:13 B D:\csis\ying8.jpg <-- hkusub.hku.hk /homepage/student/98/ce/pywong/public_html ying8.jpg
2000.10.23 13:13 B D:\csis\ying9.jpg <-- hkusub.hku.hk /homepage/student/98/ce/pywong/public_html ying9.jpg
